/users/bkao2/.conda/envs/adaptvis_py311/lib/python3.11/site-packages/huggingface_hub/file_download.py:949: FutureWarning: `resume_download` is deprecated and will be removed in version 1.0.0. Downloads always resume when possible. If you want to force a new download, use `force_download=True`.
  warnings.warn(
Loading checkpoint shards:   0%|                                                                                                 | 0/3 [00:00<?, ?it/s]Loading checkpoint shards:  33%|█████████████████████████████▋                                                           | 1/3 [00:00<00:01,  1.38it/s]Loading checkpoint shards:  67%|███████████████████████████████████████████████████████████▎                             | 2/3 [00:01<00:00,  1.98it/s]Loading checkpoint shards: 100%|█████████████████████████████████████████████████████████████████████████████████████████| 3/3 [00:01<00:00,  2.43it/s]Loading checkpoint shards: 100%|█████████████████████████████████████████████████████████████████████████████████████████| 3/3 [00:01<00:00,  2.18it/s]
Some weights of LlavaForConditionalGeneration were not initialized from the model checkpoint at llava-hf/llava-1.5-7b-hf and are newly initialized: ['language_model.model.layers.0.self_attn.rotary_emb.inv_freq', 'language_model.model.layers.1.self_attn.rotary_emb.inv_freq', 'language_model.model.layers.10.self_attn.rotary_emb.inv_freq', 'language_model.model.layers.11.self_attn.rotary_emb.inv_freq', 'language_model.model.layers.12.self_attn.rotary_emb.inv_freq', 'language_model.model.layers.13.self_attn.rotary_emb.inv_freq', 'language_model.model.layers.14.self_attn.rotary_emb.inv_freq', 'language_model.model.layers.15.self_attn.rotary_emb.inv_freq', 'language_model.model.layers.16.self_attn.rotary_emb.inv_freq', 'language_model.model.layers.17.self_attn.rotary_emb.inv_freq', 'language_model.model.layers.18.self_attn.rotary_emb.inv_freq', 'language_model.model.layers.19.self_attn.rotary_emb.inv_freq', 'language_model.model.layers.2.self_attn.rotary_emb.inv_freq', 'language_model.model.layers.20.self_attn.rotary_emb.inv_freq', 'language_model.model.layers.21.self_attn.rotary_emb.inv_freq', 'language_model.model.layers.22.self_attn.rotary_emb.inv_freq', 'language_model.model.layers.23.self_attn.rotary_emb.inv_freq', 'language_model.model.layers.24.self_attn.rotary_emb.inv_freq', 'language_model.model.layers.25.self_attn.rotary_emb.inv_freq', 'language_model.model.layers.26.self_attn.rotary_emb.inv_freq', 'language_model.model.layers.27.self_attn.rotary_emb.inv_freq', 'language_model.model.layers.28.self_attn.rotary_emb.inv_freq', 'language_model.model.layers.29.self_attn.rotary_emb.inv_freq', 'language_model.model.layers.3.self_attn.rotary_emb.inv_freq', 'language_model.model.layers.30.self_attn.rotary_emb.inv_freq', 'language_model.model.layers.31.self_attn.rotary_emb.inv_freq', 'language_model.model.layers.4.self_attn.rotary_emb.inv_freq', 'language_model.model.layers.5.self_attn.rotary_emb.inv_freq', 'language_model.model.layers.6.self_attn.rotary_emb.inv_freq', 'language_model.model.layers.7.self_attn.rotary_emb.inv_freq', 'language_model.model.layers.8.self_attn.rotary_emb.inv_freq', 'language_model.model.layers.9.self_attn.rotary_emb.inv_freq']
You should probably TRAIN this model on a down-stream task to be able to use it for predictions and inference.
Special tokens have been added in the vocabulary, make sure the associated word embeddings are fine-tuned or trained.
Special tokens have been added in the vocabulary, make sure the associated word embeddings are fine-tuned or trained.
/users/bkao2/.conda/envs/adaptvis_py311/lib/python3.11/site-packages/torch/utils/data/dataloader.py:557: UserWarning: This DataLoader will create 16 worker processes in total. Our suggested max number of worker in current system is 1, which is smaller than what this DataLoader is going to create. Please be aware that excessive worker creation might get DataLoader running slow or even freeze, lower the worker number to avoid potential slowness/freeze if necessary.
  warnings.warn(_create_warning_msg(
  0%|                                                                                                                           | 0/32 [00:00<?, ?it/s]  0%|                                                                                                                           | 0/32 [00:05<?, ?it/s]
Traceback (most recent call last):
  File "/oscar/home/bkao2/csci1470/AdaptVis/main_aro.py", line 95, in <module>
    main(args)
  File "/oscar/home/bkao2/csci1470/AdaptVis/main_aro.py", line 89, in main
    scores, correct_id = model.get_out_scores_wh_batched(args.dataset, joint_loader, args.method, args.weight, args.option, args.threshold, args.weight1, args.weight2)
                         ^^^^^^^^^^^^^^^^^^^^^^^^^^^^^^^^^^^^^^^^^^^^^^^^^^^^^^^^^^^^^^^^^^^^^^^^^^^^^^^^^^^^^^^^^^^^^^^^^^^^^^^^^^^^^^^^^^^^^^^^^^^^^^^^^^^^^^^^^^^^^^
  File "/users/bkao2/.conda/envs/adaptvis_py311/lib/python3.11/site-packages/torch/utils/_contextlib.py", line 116, in decorate_context
    return func(*args, **kwargs)
           ^^^^^^^^^^^^^^^^^^^^^
  File "/oscar/home/bkao2/csci1470/AdaptVis/model_zoo/llava15.py", line 375, in get_out_scores_wh_batched
    for batch in tqdm(joint_loader):
  File "/users/bkao2/.conda/envs/adaptvis_py311/lib/python3.11/site-packages/tqdm/std.py", line 1181, in __iter__
    for obj in iterable:
  File "/users/bkao2/.conda/envs/adaptvis_py311/lib/python3.11/site-packages/torch/utils/data/dataloader.py", line 630, in __next__
    data = self._next_data()
           ^^^^^^^^^^^^^^^^^
  File "/users/bkao2/.conda/envs/adaptvis_py311/lib/python3.11/site-packages/torch/utils/data/dataloader.py", line 1344, in _next_data
    return self._process_data(data)
           ^^^^^^^^^^^^^^^^^^^^^^^^
  File "/users/bkao2/.conda/envs/adaptvis_py311/lib/python3.11/site-packages/torch/utils/data/dataloader.py", line 1370, in _process_data
    data.reraise()
  File "/users/bkao2/.conda/envs/adaptvis_py311/lib/python3.11/site-packages/torch/_utils.py", line 706, in reraise
    raise exception
FileNotFoundError: Caught FileNotFoundError in DataLoader worker process 0.
Original Traceback (most recent call last):
  File "/users/bkao2/.conda/envs/adaptvis_py311/lib/python3.11/site-packages/torch/utils/data/_utils/worker.py", line 309, in _worker_loop
    data = fetcher.fetch(index)  # type: ignore[possibly-undefined]
           ^^^^^^^^^^^^^^^^^^^^
  File "/users/bkao2/.conda/envs/adaptvis_py311/lib/python3.11/site-packages/torch/utils/data/_utils/fetch.py", line 52, in fetch
    data = [self.dataset[idx] for idx in possibly_batched_index]
           ^^^^^^^^^^^^^^^^^^^^^^^^^^^^^^^^^^^^^^^^^^^^^^^^^^^^^
  File "/users/bkao2/.conda/envs/adaptvis_py311/lib/python3.11/site-packages/torch/utils/data/_utils/fetch.py", line 52, in <listcomp>
    data = [self.dataset[idx] for idx in possibly_batched_index]
            ~~~~~~~~~~~~^^^^^
  File "/oscar/home/bkao2/csci1470/AdaptVis/dataset_zoo/aro_datasets.py", line 288, in __getitem__
    image = Image.open(test_case["image_path"]).convert('RGB')
            ^^^^^^^^^^^^^^^^^^^^^^^^^^^^^^^^^^^
  File "/users/bkao2/.conda/envs/adaptvis_py311/lib/python3.11/site-packages/PIL/Image.py", line 3431, in open
    fp = builtins.open(filename, "rb")
         ^^^^^^^^^^^^^^^^^^^^^^^^^^^^^
FileNotFoundError: [Errno 2] No such file or directory: '/oscar/home/bkao2/csci1470/AdaptVis/data/stress_images_3/ADE_val_00000053.jpg'

