## SLURM PROLOG ###############################################################
##    Job ID : 1968927
##  Job Name : adaptvis.ablationA
##  Nodelist : gpu2107
##      CPUs : 4
##  Mem/Node : 49152 MB
## Directory : /oscar/scratch/hnaung/AdaptVis
##   Job Started : Wed Apr 29 01:36:06 AM EDT 2026
###############################################################################
=== Ablation A: Sharpening Only ===
Job ID: 1968927
Host: gpu2107.oscar.ccv.brown.edu
Dataset: VG_QA_two_obj
Option count: six
Weight1: 0.5
Weight2: 1.75
CUDA_VISIBLE_DEVICES=0
Python 3.11.15
torch 2.4.1+cu121 cuda? True
Wed Apr 29 01:36:10 2026       
+-----------------------------------------------------------------------------------------+
| NVIDIA-SMI 575.57.08              Driver Version: 575.57.08      CUDA Version: 12.9     |
|-----------------------------------------+------------------------+----------------------+
| GPU  Name                 Persistence-M | Bus-Id          Disp.A | Volatile Uncorr. ECC |
| Fan  Temp   Perf          Pwr:Usage/Cap |           Memory-Usage | GPU-Util  Compute M. |
|                                         |                        |               MIG M. |
|=========================================+========================+======================|
|   0  NVIDIA GeForce RTX 3090        On  |   00000000:41:00.0 Off |                  N/A |
| 30%   35C    P8             31W /  350W |      18MiB /  24576MiB |      0%      Default |
|                                         |                        |                  N/A |
+-----------------------------------------+------------------------+----------------------+
                                                                                         
+-----------------------------------------------------------------------------------------+
| Processes:                                                                              |
|  GPU   GI   CI              PID   Type   Process name                        GPU Memory |
|        ID   ID                                                               Usage      |
|=========================================================================================|
|    0   N/A  N/A          157948      G   /usr/libexec/Xorg                         5MiB |
+-----------------------------------------------------------------------------------------+
VG_QA_two_obj llava1.5
