## SLURM PROLOG ###############################################################
##    Job ID : 1956133
##  Job Name : adaptvis.ablationA
##  Nodelist : gpu3006
##      CPUs : 4
##  Mem/Node : 49152 MB
## Directory : /oscar/scratch/hnaung/AdaptVis
##   Job Started : Tue Apr 28 01:25:14 PM EDT 2026
###############################################################################
=== Ablation A: Sharpening Only ===
Job ID: 1956133
Host: gpu3006.oscar.ccv.brown.edu
Dataset: Controlled_Images_A
Option count: six
Weight1: 1.0
Weight2: 2.0
CUDA_VISIBLE_DEVICES=0
Python 3.11.15
torch 2.4.1+cu121 cuda? True
Tue Apr 28 13:25:27 2026       
+-----------------------------------------------------------------------------------------+
| NVIDIA-SMI 575.57.08              Driver Version: 575.57.08      CUDA Version: 12.9     |
|-----------------------------------------+------------------------+----------------------+
| GPU  Name                 Persistence-M | Bus-Id          Disp.A | Volatile Uncorr. ECC |
| Fan  Temp   Perf          Pwr:Usage/Cap |           Memory-Usage | GPU-Util  Compute M. |
|                                         |                        |               MIG M. |
|=========================================+========================+======================|
|   0  NVIDIA L40S                    On  |   00000000:E1:00.0 Off |                    0 |
| N/A   29C    P8             32W /  350W |      77MiB /  46068MiB |      0%      Default |
|                                         |                        |                  N/A |
+-----------------------------------------+------------------------+----------------------+
                                                                                         
+-----------------------------------------------------------------------------------------+
| Processes:                                                                              |
|  GPU   GI   CI              PID   Type   Process name                        GPU Memory |
|        ID   ID                                                               Usage      |
|=========================================================================================|
|    0   N/A  N/A          157389      G   /usr/libexec/Xorg                        64MiB |
+-----------------------------------------------------------------------------------------+
Controlled_Images_A llava1.5
