## SLURM PROLOG ###############################################################
##    Job ID : 1924292
##  Job Name : adaptvis.main
##  Nodelist : gpu3002
##      CPUs : 4
##  Mem/Node : 49152 MB
## Directory : /oscar/data/class/csci1430/students/eyou3/CSCI1470/AdaptVis
##   Job Started : Sun Apr 26 04:55:28 PM EDT 2026
###############################################################################
Job ID: 1924292
Host: gpu3002.oscar.ccv.brown.edu
CUDA_VISIBLE_DEVICES=0
Python 3.11.15
torch 2.4.1+cu121 cuda? True
Sun Apr 26 16:55:39 2026       
+-----------------------------------------------------------------------------------------+
| NVIDIA-SMI 575.57.08              Driver Version: 575.57.08      CUDA Version: 12.9     |
|-----------------------------------------+------------------------+----------------------+
| GPU  Name                 Persistence-M | Bus-Id          Disp.A | Volatile Uncorr. ECC |
| Fan  Temp   Perf          Pwr:Usage/Cap |           Memory-Usage | GPU-Util  Compute M. |
|                                         |                        |               MIG M. |
|=========================================+========================+======================|
|   0  NVIDIA L40S                    On  |   00000000:01:00.0 Off |                    0 |
| N/A   28C    P8             33W /  350W |      77MiB /  46068MiB |      0%      Default |
|                                         |                        |                  N/A |
+-----------------------------------------+------------------------+----------------------+
                                                                                         
+-----------------------------------------------------------------------------------------+
| Processes:                                                                              |
|  GPU   GI   CI              PID   Type   Process name                        GPU Memory |
|        ID   ID                                                               Usage      |
|=========================================================================================|
|    0   N/A  N/A          160743      G   /usr/libexec/Xorg                        64MiB |
+-----------------------------------------------------------------------------------------+
COCO_QA_two_obj llava1.5
