## SLURM PROLOG ###############################################################
##    Job ID : 1990237
##  Job Name : controlled_a_layers_23_31
##  Nodelist : gpu2104
##      CPUs : 4
##  Mem/Node : 49152 MB
## Directory : /oscar/scratch/hnaung/AdaptVis-Layers
##   Job Started : Wed Apr 29 02:39:02 PM EDT 2026
###############################################################################
Job ID: 1990237
Host: gpu2104.oscar.ccv.brown.edu
CUDA_VISIBLE_DEVICES=0
Python 3.11.15
torch 2.4.1+cu121 cuda? True
Wed Apr 29 14:39:13 2026       
+-----------------------------------------------------------------------------------------+
| NVIDIA-SMI 575.57.08              Driver Version: 575.57.08      CUDA Version: 12.9     |
|-----------------------------------------+------------------------+----------------------+
| GPU  Name                 Persistence-M | Bus-Id          Disp.A | Volatile Uncorr. ECC |
| Fan  Temp   Perf          Pwr:Usage/Cap |           Memory-Usage | GPU-Util  Compute M. |
|                                         |                        |               MIG M. |
|=========================================+========================+======================|
|   0  NVIDIA GeForce RTX 3090        On  |   00000000:01:00.0 Off |                  N/A |
| 30%   28C    P8             29W /  350W |      18MiB /  24576MiB |      0%      Default |
|                                         |                        |                  N/A |
+-----------------------------------------+------------------------+----------------------+
                                                                                         
+-----------------------------------------------------------------------------------------+
| Processes:                                                                              |
|  GPU   GI   CI              PID   Type   Process name                        GPU Memory |
|        ID   ID                                                               Usage      |
|=========================================================================================|
|    0   N/A  N/A          157373      G   /usr/libexec/Xorg                         5MiB |
+-----------------------------------------------------------------------------------------+
Controlled_Images_A llava1.5
