+ python -u main_aro.py --dataset COCO_QA_two_obj --model-name llava1.5 --method base --option four --weight 1.0 --weight1 0.5 --weight2 1.5 --threshold 0.4 --seed 1 --download
/users/eyou3/.conda/envs/adaptvis_py311/lib/python3.11/site-packages/huggingface_hub/file_download.py:949: FutureWarning: `resume_download` is deprecated and will be removed in version 1.0.0. Downloads always resume when possible. If you want to force a new download, use `force_download=True`.
  warnings.warn(
Loading checkpoint shards:   0%|          | 0/3 [00:00<?, ?it/s]Loading checkpoint shards:  33%|███▎      | 1/3 [00:00<00:01,  1.25it/s]Loading checkpoint shards:  67%|██████▋   | 2/3 [00:01<00:00,  1.81it/s]Loading checkpoint shards: 100%|██████████| 3/3 [00:01<00:00,  2.29it/s]Loading checkpoint shards: 100%|██████████| 3/3 [00:01<00:00,  2.03it/s]
Some weights of LlavaForConditionalGeneration were not initialized from the model checkpoint at llava-hf/llava-1.5-7b-hf and are newly initialized: ['language_model.model.layers.0.self_attn.rotary_emb.inv_freq', 'language_model.model.layers.1.self_attn.rotary_emb.inv_freq', 'language_model.model.layers.10.self_attn.rotary_emb.inv_freq', 'language_model.model.layers.11.self_attn.rotary_emb.inv_freq', 'language_model.model.layers.12.self_attn.rotary_emb.inv_freq', 'language_model.model.layers.13.self_attn.rotary_emb.inv_freq', 'language_model.model.layers.14.self_attn.rotary_emb.inv_freq', 'language_model.model.layers.15.self_attn.rotary_emb.inv_freq', 'language_model.model.layers.16.self_attn.rotary_emb.inv_freq', 'language_model.model.layers.17.self_attn.rotary_emb.inv_freq', 'language_model.model.layers.18.self_attn.rotary_emb.inv_freq', 'language_model.model.layers.19.self_attn.rotary_emb.inv_freq', 'language_model.model.layers.2.self_attn.rotary_emb.inv_freq', 'language_model.model.layers.20.self_attn.rotary_emb.inv_freq', 'language_model.model.layers.21.self_attn.rotary_emb.inv_freq', 'language_model.model.layers.22.self_attn.rotary_emb.inv_freq', 'language_model.model.layers.23.self_attn.rotary_emb.inv_freq', 'language_model.model.layers.24.self_attn.rotary_emb.inv_freq', 'language_model.model.layers.25.self_attn.rotary_emb.inv_freq', 'language_model.model.layers.26.self_attn.rotary_emb.inv_freq', 'language_model.model.layers.27.self_attn.rotary_emb.inv_freq', 'language_model.model.layers.28.self_attn.rotary_emb.inv_freq', 'language_model.model.layers.29.self_attn.rotary_emb.inv_freq', 'language_model.model.layers.3.self_attn.rotary_emb.inv_freq', 'language_model.model.layers.30.self_attn.rotary_emb.inv_freq', 'language_model.model.layers.31.self_attn.rotary_emb.inv_freq', 'language_model.model.layers.4.self_attn.rotary_emb.inv_freq', 'language_model.model.layers.5.self_attn.rotary_emb.inv_freq', 'language_model.model.layers.6.self_attn.rotary_emb.inv_freq', 'language_model.model.layers.7.self_attn.rotary_emb.inv_freq', 'language_model.model.layers.8.self_attn.rotary_emb.inv_freq', 'language_model.model.layers.9.self_attn.rotary_emb.inv_freq']
You should probably TRAIN this model on a down-stream task to be able to use it for predictions and inference.
Special tokens have been added in the vocabulary, make sure the associated word embeddings are fine-tuned or trained.
Special tokens have been added in the vocabulary, make sure the associated word embeddings are fine-tuned or trained.
/users/eyou3/.conda/envs/adaptvis_py311/lib/python3.11/site-packages/gdown/__main__.py:140: FutureWarning: Option `--id` was deprecated in version 4.3.1 and will be removed in 5.0. You don't need to pass it anymore to use a file ID.
  warnings.warn(
Downloading...
From: https://drive.google.com/uc?id=1TCEoM0mgFmz8T4cF7PQ3XJmO6JjtiQ-s
To: /oscar/data/class/csci1430/students/eyou3/CSCI1470/AdaptVis/data/coco_qa_two_obj.json
  0%|          | 0.00/42.8k [00:00<?, ?B/s]100%|██████████| 42.8k/42.8k [00:00<00:00, 67.6MB/s]
/users/eyou3/.conda/envs/adaptvis_py311/lib/python3.11/site-packages/torch/utils/data/dataloader.py:557: UserWarning: This DataLoader will create 16 worker processes in total. Our suggested max number of worker in current system is 4, which is smaller than what this DataLoader is going to create. Please be aware that excessive worker creation might get DataLoader running slow or even freeze, lower the worker number to avoid potential slowness/freeze if necessary.
  warnings.warn(_create_warning_msg(
Traceback (most recent call last):
  File "/oscar/data/class/csci1430/students/eyou3/CSCI1470/AdaptVis/main_aro.py", line 93, in <module>
    main(args)
  File "/oscar/data/class/csci1430/students/eyou3/CSCI1470/AdaptVis/main_aro.py", line 87, in main
    scores,correct_id = model.get_out_scores_wh_batched(args.dataset,joint_loader,args.method,args.weight,args.option)
                        ^^^^^^^^^^^^^^^^^^^^^^^^^^^^^^^^^^^^^^^^^^^^^^^^^^^^^^^^^^^^^^^^^^^^^^^^^^^^^^^^^^^^^^^^^^^^^^
  File "/users/eyou3/.conda/envs/adaptvis_py311/lib/python3.11/site-packages/torch/utils/_contextlib.py", line 116, in decorate_context
    return func(*args, **kwargs)
           ^^^^^^^^^^^^^^^^^^^^^
TypeError: LlavaWrapper.get_out_scores_wh_batched() missing 3 required positional arguments: 'threshold', 'weight1', and 'weight2'
