## SLURM PROLOG ###############################################################
##    Job ID : 1990167
##  Job Name : controlled_a_layers_0_10
##  Nodelist : gpu2709
##      CPUs : 4
##  Mem/Node : 49152 MB
## Directory : /oscar/scratch/hnaung/AdaptVis-Layers
##   Job Started : Wed Apr 29 02:35:27 PM EDT 2026
###############################################################################
Job ID: 1990167
Host: gpu2709.oscar.ccv.brown.edu
CUDA_VISIBLE_DEVICES=0
Python 3.11.15
torch 2.4.1+cu121 cuda? True
Wed Apr 29 14:35:31 2026       
+-----------------------------------------------------------------------------------------+
| NVIDIA-SMI 575.57.08              Driver Version: 575.57.08      CUDA Version: 12.9     |
|-----------------------------------------+------------------------+----------------------+
| GPU  Name                 Persistence-M | Bus-Id          Disp.A | Volatile Uncorr. ECC |
| Fan  Temp   Perf          Pwr:Usage/Cap |           Memory-Usage | GPU-Util  Compute M. |
|                                         |                        |               MIG M. |
|=========================================+========================+======================|
|   0  NVIDIA L40S                    On  |   00000000:C1:00.0 Off |                    0 |
| N/A   29C    P8             32W /  350W |      76MiB /  46068MiB |      0%      Default |
|                                         |                        |                  N/A |
+-----------------------------------------+------------------------+----------------------+
                                                                                         
+-----------------------------------------------------------------------------------------+
| Processes:                                                                              |
|  GPU   GI   CI              PID   Type   Process name                        GPU Memory |
|        ID   ID                                                               Usage      |
|=========================================================================================|
|    0   N/A  N/A          157322      G   /usr/libexec/Xorg                        64MiB |
+-----------------------------------------------------------------------------------------+
Image directory for Controlled Images A could not be found!
controlled_images/
controlled_images/water-filter_on_chair.jpeg
controlled_images/dragonfruit_on_chair.jpeg
controlled_images/headphones_under_armchair.jpeg
controlled_images/hat_under_chair.jpeg
controlled_images/helmet_right_of_chair.jpeg
controlled_images/pan_left_of_armchair.jpeg
controlled_images/pot_under_chair.jpeg
controlled_images/book_right_of_chair.jpeg
controlled_images/ball-of-yarn_under_table.jpeg
controlled_images/can_under_chair.jpeg
controlled_images/glove_on_armchair.jpeg
controlled_images/table.jpeg
controlled_images/rose_left_of_armchair.jpeg
controlled_images/lamp_right_of_table.jpeg
controlled_images/lemon_under_table.jpeg
controlled_images/pillow_right_of_armchair.jpeg
controlled_images/remote_right_of_chair.jpeg
controlled_images/kettle_right_of_table.jpeg
controlled_images/sunglasses_right_of_armchair.jpeg
controlled_images/book_right_of_armchair.jpeg
controlled_images/bottle-of-mustard_left_of_chair.jpeg
controlled_images/book_under_table.jpeg
controlled_images/soda-can_under_armchair.jpeg
controlled_images/spatula_under_chair.jpeg
controlled_images/remote_under_armchair.jpeg
controlled_images/toy-cactus_on_chair.jpeg
controlled_images/mug_on_armchair.jpeg
controlled_images/plate_left_of_armchair.jpeg
controlled_images/knife_on_table.jpeg
controlled_images/toilet-roll_under_table.jpeg
controlled_images/book_under_armchair.jpeg
controlled_images/cap_right_of_chair.jpeg
controlled_images/plate_right_of_armchair.jpeg
controlled_images/plate_on_chair.jpeg
controlled_images/plant_on_table.jpeg
controlled_images/knife_under_table.jpeg
controlled_images/notepad_under_armchair.jpeg
controlled_images/box_on_chair.jpeg
controlled_images/pot_on_chair.jpeg
controlled_images/plant_on_chair.jpeg
controlled_images/plate_left_of_chair.jpeg
controlled_images/pillow_under_chair.jpeg
controlled_images/phone_left_of_armchair.jpeg
controlled_images/painting_under_table.jpeg
controlled_images/toilet-roll_under_chair.jpeg
controlled_images/cup_under_table.jpeg
controlled_images/bowl_left_of_table.jpeg
controlled_images/plate_on_armchair.jpeg
controlled_images/chair_left_of_table.jpeg
controlled_images/book_under_chair.jpeg
controlled_images/shoes_left_of_chair.jpeg
controlled_images/book_left_of_armchair.jpeg
controlled_images/mug_right_of_table.jpeg
controlled_images/lamp_left_of_chair.jpeg
controlled_images/orange_left_of_chair.jpeg
controlled_images/photograph_under_chair.jpeg
controlled_images/soda-can_on_armchair.jpeg
controlled_images/glasses_left_of_armchair.jpeg
controlled_images/bottle_right_of_chair.jpeg
controlled_images/remote_left_of_armchair.jpeg
controlled_images/orange_on_chair.jpeg
controlled_images/pillow_left_of_chair.jpeg
controlled_images/laptop_right_of_chair.jpeg
controlled_images/headphones_under_chair.jpeg
controlled_images/toilet-roll_right_of_chair.jpeg
controlled_images/bowl_left_of_armchair.jpeg
controlled_images/laptop_left_of_chair.jpeg
controlled_images/rose_right_of_armchair.jpeg
controlled_images/armchair.jpeg
controlled_images/banana_under_chair.jpeg
controlled_images/bread_on_armchair.jpeg
controlled_images/banana_right_of_table.jpeg
controlled_images/mug_right_of_chair.jpeg
controlled_images/scissors_left_of_table.jpeg
controlled_images/pillow_on_armchair.jpeg
controlled_images/yarn_on_armchair.jpeg
controlled_images/ball-of-yarn_on_chair.jpeg
controlled_images/wineglass_on_table.jpeg
controlled_images/tape_left_of_armchair.jpeg
controlled_images/bread_under_armchair.jpeg
controlled_images/kettle_right_of_chair.jpeg
controlled_images/water-bottle_right_of_armchair.jpeg
controlled_images/sunglasses_under_table.jpeg
controlled_images/oven-mitt_left_of_chair.jpeg
controlled_images/microphone_on_chair.jpeg
controlled_images/tape_right_of_armchair.jpeg
controlled_images/cup_on_armchair.jpeg
controlled_images/banana_left_of_chair.jpeg
controlled_images/lemon_on_table.jpeg
controlled_images/lemon_on_chair.jpeg
controlled_images/lemon_right_of_table.jpeg
controlled_images/kettle_left_of_chair.jpeg
controlled_images/pan_right_of_armchair.jpeg
controlled_images/can_left_of_chair.jpeg
controlled_images/scissors_under_table.jpeg
controlled_images/ball-of-yarn_on_table.jpeg
controlled_images/glasses_under_armchair.jpeg
controlled_images/dog_left_of_table.jpeg
controlled_images/glass_under_armchair.jpeg
controlled_images/lemon_right_of_chair.jpeg
controlled_images/kettle_on_table.jpeg
controlled_images/painting_left_of_table.jpeg
controlled_images/wineglass_left_of_armchair.jpeg
controlled_images/orange_right_of_chair.jpeg
controlled_images/bowl_left_of_chair.jpeg
controlled_images/hat_right_of_chair.jpeg
controlled_images/banana_on_chair.jpeg
controlled_images/mug_right_of_armchair.jpeg
controlled_images/orange_left_of_table.jpeg
controlled_images/can_on_armchair.jpeg
controlled_images/water-bottle_left_of_armchair.jpeg
controlled_images/laptop_on_armchair.jpeg
controlled_images/bottle_under_table.jpeg
controlled_images/hat_on_chair.jpeg
controlled_images/mug_left_of_chair.jpeg
controlled_images/cap_left_of_table.jpeg
controlled_images/scissors_under_chair.jpeg
controlled_images/bread_right_of_armchair.jpeg
controlled_images/knife_under_chair.jpeg
controlled_images/spatula_left_of_table.jpeg
controlled_images/kettle_under_chair.jpeg
controlled_images/bowl_on_table.jpeg
controlled_images/sunglasses_left_of_table.jpeg
controlled_images/phone_on_armchair.jpeg
controlled_images/cup_on_chair.jpeg
controlled_images/ball-of-yarn_right_of_chair.jpeg
controlled_images/sunglasses_right_of_chair.jpeg
controlled_images/glove_left_of_armchair.jpeg
controlled_images/shoes_on_chair.jpeg
controlled_images/cup_under_armchair.jpeg
controlled_images/bowl_under_armchair.jpeg
controlled_images/book_on_chair.jpeg
controlled_images/scarf_left_of_chair.jpeg
controlled_images/photograph_left_of_chair.jpeg
controlled_images/apple_on_armchair.jpeg
controlled_images/beer-bottle_right_of_armchair.jpeg
controlled_images/soda-can_left_of_armchair.jpeg
controlled_images/cup_left_of_armchair.jpeg
controlled_images/cap_on_chair.jpeg
controlled_images/book_left_of_chair.jpeg
controlled_images/glove_under_armchair.jpeg
controlled_images/apple_under_armchair.jpeg
controlled_images/plant_right_of_chair.jpeg
controlled_images/headphones_right_of_armchair.jpeg
controlled_images/bowl_under_table.jpeg
controlled_images/plant_under_table.jpeg
controlled_images/toy-cactus_right_of_chair.jpeg
controlled_images/orange_left_of_armchair.jpeg
controlled_images/phone_right_of_armchair.jpeg
controlled_images/lamp_on_table.jpeg
controlled_images/lemon_under_chair.jpeg
controlled_images/cap_under_table.jpeg
controlled_images/helmet_left_of_chair.jpeg
controlled_images/vase_on_chair.jpeg
controlled_images/phone_under_table.jpeg
controlled_images/soda-can_right_of_armchair.jpeg
controlled_images/chair.jpeg
controlled_images/wineglass_right_of_chair.jpeg
controlled_images/bottle-of-orange-juice_on_chair.jpeg
controlled_images/water-bottle_under_chair.jpeg
controlled_images/banana_on_table.jpeg
controlled_images/bottle-of-mustard_on_chair.jpeg
controlled_images/chair2_left_of_table.jpeg
controlled_images/cup_right_of_armchair.jpeg
controlled_images/box_left_of_chair.jpeg
controlled_images/can_right_of_armchair.jpeg
controlled_images/hat_left_of_chair.jpeg
controlled_images/headphones_on_chair.jpeg
controlled_images/pot_left_of_chair.jpeg
controlled_images/bottle_on_chair.jpeg
controlled_images/bowl_right_of_chair.jpeg
controlled_images/mug_on_table.jpeg
controlled_images/water-filter_under_chair.jpeg
controlled_images/water-bottle_right_of_chair.jpeg
controlled_images/helmet_on_chair.jpeg
controlled_images/kettle_left_of_table.jpeg
controlled_images/pillow_on_table.jpeg
controlled_images/plate_under_chair.jpeg
controlled_images/laptop_under_armchair.jpeg
controlled_images/toy-cactus_under_chair.jpeg
controlled_images/bottle-of-orange-juice_right_of_chair.jpeg
controlled_images/knife_right_of_table.jpeg
controlled_images/cap_on_armchair.jpeg
controlled_images/spatula_on_chair.jpeg
controlled_images/oven-mitt_on_chair.jpeg
controlled_images/plate_right_of_table.jpeg
controlled_images/toilet-roll_on_table.jpeg
controlled_images/lamp_under_table.jpeg
controlled_images/banjo_on_armchair.jpeg
controlled_images/painting_right_of_table.jpeg
controlled_images/toilet-roll_left_of_chair.jpeg
controlled_images/spatula_on_table.jpeg
controlled_images/glass_right_of_armchair.jpeg
controlled_images/shoes_under_chair.jpeg
controlled_images/plant_under_chair.jpeg
controlled_images/apple_right_of_armchair.jpeg
controlled_images/banjo_left_of_armchair.jpeg
controlled_images/phone_left_of_table.jpeg
controlled_images/bowl_on_chair.jpeg
controlled_images/oven-mitt_under_chair.jpeg
controlled_clevr/
controlled_clevr/cap_behind_spoon.jpeg
controlled_clevr/can_left_of_flower.jpeg
controlled_clevr/bowl_behind_sunglasses.jpeg
controlled_clevr/plate_right_of_candle.jpeg
controlled_clevr/mug_right_of_cup.jpeg
controlled_clevr/remote_in-front_of_fork.jpeg
controlled_clevr/cap_behind_can.jpeg
controlled_clevr/bowl_right_of_book.jpeg
controlled_clevr/remote_behind_flower.jpeg
controlled_clevr/book_right_of_spoon.jpeg
controlled_clevr/book_left_of_can.jpeg
controlled_clevr/mug_right_of_knife.jpeg
controlled_clevr/book_left_of_tape.jpeg
controlled_clevr/can_behind_knife.jpeg
controlled_clevr/mug_behind_cup.jpeg
controlled_clevr/book_in-front_of_candle.jpeg
controlled_clevr/mug_behind_flower.jpeg
controlled_clevr/can_right_of_tape.jpeg
controlled_clevr/cap_in-front_of_scissors.jpeg
controlled_clevr/mug_right_of_flower.jpeg
controlled_clevr/cup_left_of_can.jpeg
controlled_clevr/sunglasses_behind_tape.jpeg
controlled_clevr/book_in-front_of_headphones.jpeg
controlled_clevr/mug_in-front_of_fork.jpeg
controlled_clevr/remote_in-front_of_sunglasses.jpeg
controlled_clevr/book_in-front_of_tape.jpeg
controlled_clevr/mug_right_of_remote.jpeg
controlled_clevr/can_in-front_of_headphones.jpeg
controlled_clevr/book_in-front_of_fork.jpeg
controlled_clevr/bowl_behind_cap.jpeg
controlled_clevr/remote_left_of_scissors.jpeg
controlled_clevr/plate_left_of_tape.jpeg
controlled_clevr/book_left_of_cup.jpeg
controlled_clevr/plate_right_of_headphones.jpeg
controlled_clevr/book_in-front_of_cup.jpeg
controlled_clevr/mug_behind_plate.jpeg
controlled_clevr/cup_behind_flower.jpeg
controlled_clevr/can_right_of_candle.jpeg
controlled_clevr/cap_behind_fork.jpeg
controlled_clevr/cap_behind_candle.jpeg
controlled_clevr/plate_left_of_sunglasses.jpeg
controlled_clevr/cup_in-front_of_remote.jpeg
controlled_clevr/mug_right_of_sunglasses.jpeg
controlled_clevr/cup_right_of_remote.jpeg
controlled_clevr/mug_behind_phone.jpeg
controlled_clevr/book_behind_knife.jpeg
controlled_clevr/plate_in-front_of_cap.jpeg
controlled_clevr/cap_behind_flower.jpeg
controlled_clevr/book_left_of_flower.jpeg
controlled_clevr/bowl_right_of_flower.jpeg
controlled_clevr/bowl_in-front_of_knife.jpeg
controlled_clevr/cup_right_of_scissors.jpeg
controlled_clevr/bowl_right_of_tape.jpeg
controlled_clevr/can_right_of_knife.jpeg
controlled_clevr/can_behind_tape.jpeg
controlled_clevr/mug_right_of_plate.jpeg
controlled_clevr/bowl_behind_flower.jpeg
controlled_clevr/cap_right_of_scissors.jpeg
controlled_clevr/bowl_right_of_headphones.jpeg
controlled_clevr/plate_left_of_book.jpeg
controlled_clevr/plate_left_of_cup.jpeg
controlled_clevr/remote_right_of_headphones.jpeg
controlled_clevr/remote_behind_spoon.jpeg
controlled_clevr/book_right_of_scissors.jpeg
controlled_clevr/cup_behind_knife.jpeg
controlled_clevr/cup_in-front_of_spoon.jpeg
controlled_clevr/book_behind_cap.jpeg
controlled_clevr/book_right_of_remote.jpeg
controlled_clevr/plate_behind_bowl.jpeg
controlled_clevr/can_right_of_fork.jpeg
controlled_clevr/remote_in-front_of_flower.jpeg
controlled_clevr/cup_left_of_candle.jpeg
controlled_clevr/book_right_of_candle.jpeg
controlled_clevr/can_left_of_scissors.jpeg
controlled_clevr/cap_left_of_candle.jpeg
controlled_clevr/can_left_of_spoon.jpeg
controlled_clevr/mug_in-front_of_bowl.jpeg
controlled_clevr/mug_left_of_fork.jpeg
controlled_clevr/bowl_right_of_scissors.jpeg
controlled_clevr/bowl_left_of_remote.jpeg
controlled_clevr/remote_in-front_of_headphones.jpeg
controlled_clevr/bowl_right_of_cup.jpeg
controlled_clevr/book_behind_flower.jpeg
controlled_clevr/cup_left_of_sunglasses.jpeg
controlled_clevr/plate_in-front_of_bowl.jpeg
controlled_clevr/mug_right_of_candle.jpeg
controlled_clevr/can_in-front_of_candle.jpeg
controlled_clevr/plate_in-front_of_candle.jpeg
controlled_clevr/mug_behind_cap.jpeg
controlled_clevr/cup_left_of_fork.jpeg
controlled_clevr/mug_left_of_can.jpeg
controlled_clevr/plate_in-front_of_headphones.jpeg
controlled_clevr/book_left_of_remote.jpeg
controlled_clevr/cap_in-front_of_can.jpeg
controlled_clevr/can_left_of_knife.jpeg
controlled_clevr/remote_left_of_headphones.jpeg
controlled_clevr/remote_behind_candle.jpeg
controlled_clevr/book_right_of_cup.jpeg
controlled_clevr/plate_right_of_knife.jpeg
controlled_clevr/bowl_in-front_of_cup.jpeg
controlled_clevr/cap_in-front_of_knife.jpeg
controlled_clevr/bowl_in-front_of_headphones.jpeg
controlled_clevr/plate_behind_cap.jpeg
controlled_clevr/mug_right_of_bowl.jpeg
controlled_clevr/plate_right_of_book.jpeg
controlled_clevr/cap_right_of_remote.jpeg
controlled_clevr/cap_behind_scissors.jpeg
controlled_clevr/book_behind_sunglasses.jpeg
controlled_clevr/bowl_right_of_can.jpeg
controlled_clevr/mug_in-front_of_book.jpeg
controlled_clevr/cap_left_of_can.jpeg
controlled_clevr/can_left_of_headphones.jpeg
controlled_clevr/cap_right_of_spoon.jpeg
controlled_clevr/mug_right_of_tape.jpeg
controlled_clevr/cup_right_of_headphones.jpeg
controlled_clevr/cap_in-front_of_spoon.jpeg
controlled_clevr/can_left_of_tape.jpeg
controlled_clevr/bowl_in-front_of_tape.jpeg
controlled_clevr/can_right_of_flower.jpeg
controlled_clevr/plate_behind_book.jpeg
controlled_clevr/book_left_of_headphones.jpeg
controlled_clevr/bowl_left_of_candle.jpeg
controlled_clevr/bowl_behind_fork.jpeg
controlled_clevr/can_behind_sunglasses.jpeg
controlled_clevr/cap_right_of_fork.jpeg
controlled_clevr/cap_left_of_sunglasses.jpeg
controlled_clevr/bowl_left_of_can.jpeg
controlled_clevr/cap_in-front_of_candle.jpeg
controlled_clevr/cap_behind_cup.jpeg
controlled_clevr/remote_right_of_spoon.jpeg
controlled_clevr/mug_behind_candle.jpeg
controlled_clevr/plate_behind_scissors.jpeg
controlled_clevr/remote_left_of_candle.jpeg
controlled_clevr/cup_behind_scissors.jpeg
controlled_clevr/bowl_left_of_headphones.jpeg
controlled_clevr/mug_in-front_of_plate.jpeg
controlled_clevr/plate_in-front_of_spoon.jpeg
controlled_clevr/plate_right_of_spoon.jpeg
controlled_clevr/bowl_behind_tape.jpeg
controlled_clevr/bowl_in-front_of_candle.jpeg
controlled_clevr/bowl_behind_can.jpeg
controlled_clevr/mug_right_of_phone.jpeg
controlled_clevr/plate_behind_spoon.jpeg
controlled_clevr/book_in-front_of_knife.jpeg
controlled_clevr/mug_behind_spoon.jpeg
controlled_clevr/mug_behind_headphones.jpeg
controlled_clevr/bowl_left_of_sunglasses.jpeg
controlled_clevr/bowl_in-front_of_book.jpeg
controlled_clevr/can_left_of_fork.jpeg
controlled_clevr/book_in-front_of_remote.jpeg
controlled_clevr/book_behind_can.jpeg
controlled_clevr/bowl_left_of_spoon.jpeg
controlled_clevr/cup_left_of_knife.jpeg
controlled_clevr/mug_in-front_of_headphones.jpeg
controlled_clevr/bowl_right_of_sunglasses.jpeg
controlled_clevr/can_behind_flower.jpeg
controlled_clevr/plate_in-front_of_phone.jpeg
controlled_clevr/mug_behind_fork.jpeg
controlled_clevr/plate_behind_can.jpeg
controlled_clevr/plate_left_of_spoon.jpeg
controlled_clevr/bowl_right_of_candle.jpeg
controlled_clevr/cup_left_of_spoon.jpeg
controlled_clevr/can_left_of_candle.jpeg
controlled_clevr/can_in-front_of_scissors.jpeg
controlled_clevr/book_left_of_candle.jpeg
controlled_clevr/mug_right_of_cap.jpeg
controlled_clevr/book_behind_remote.jpeg
controlled_clevr/mug_in-front_of_scissors.jpeg
controlled_clevr/cup_right_of_spoon.jpeg
controlled_clevr/remote_right_of_fork.jpeg
controlled_clevr/book_right_of_can.jpeg
controlled_clevr/mug_behind_bowl.jpeg
controlled_clevr/plate_behind_sunglasses.jpeg
controlled_clevr/book_right_of_fork.jpeg
controlled_clevr/bowl_behind_remote.jpeg
controlled_clevr/plate_in-front_of_cup.jpeg
controlled_clevr/mug_in-front_of_knife.jpeg
controlled_clevr/cup_behind_fork.jpeg
controlled_clevr/can_behind_spoon.jpeg
controlled_clevr/book_in-front_of_can.jpeg
controlled_clevr/plate_in-front_of_flower.jpeg
controlled_clevr/bowl_right_of_fork.jpeg
controlled_clevr/remote_right_of_flower.jpeg
controlled_clevr/mug_left_of_knife.jpeg
controlled_clevr/plate_right_of_phone.jpeg
controlled_clevr/mug_left_of_bowl.jpeg
controlled_clevr/cap_left_of_flower.jpeg
controlled_clevr/cap_right_of_tape.jpeg
controlled_clevr/book_behind_candle.jpeg
controlled_clevr/mug_in-front_of_candle.jpeg
controlled_clevr/bowl_in-front_of_can.jpeg
controlled_clevr/mug_right_of_spoon.jpeg
controlled_clevr/cup_in-front_of_knife.jpeg
controlled_clevr/book_left_of_knife.jpeg
controlled_clevr/remote_in-front_of_candle.jpeg
controlled_clevr/bowl_behind_candle.jpeg
controlled_clevr/plate_in-front_of_book.jpeg
controlled_clevr/cup_left_of_tape.jpeg
controlled_clevr/book_behind_cup.jpeg
controlled_clevr/can_behind_scissors.jpeg
controlled_clevr/can_in-front_of_fork.jpeg
controlled_clevr/mug_left_of_flower.jpeg
controlled_clevr/can_right_of_spoon.jpeg
controlled_clevr/remote_behind_sunglasses.jpeg
controlled_clevr/cap_right_of_knife.jpeg
controlled_clevr/cap_left_of_fork.jpeg
controlled_clevr/remote_right_of_tape.jpeg
controlled_clevr/remote_in-front_of_spoon.jpeg
controlled_clevr/mug_behind_sunglasses.jpeg
controlled_clevr/cap_left_of_scissors.jpeg
controlled_clevr/plate_left_of_knife.jpeg
controlled_clevr/cup_in-front_of_can.jpeg
controlled_clevr/mug_left_of_headphones.jpeg
controlled_clevr/plate_in-front_of_scissors.jpeg
controlled_clevr/cup_in-front_of_scissors.jpeg
controlled_clevr/cap_right_of_sunglasses.jpeg
controlled_clevr/plate_left_of_remote.jpeg
controlled_clevr/bowl_right_of_remote.jpeg
controlled_clevr/plate_left_of_fork.jpeg
controlled_clevr/plate_right_of_bowl.jpeg
controlled_clevr/cap_in-front_of_tape.jpeg
controlled_clevr/mug_left_of_plate.jpeg
controlled_clevr/remote_right_of_scissors.jpeg
controlled_clevr/plate_behind_knife.jpeg
controlled_clevr/mug_left_of_cup.jpeg
controlled_clevr/mug_behind_scissors.jpeg
controlled_clevr/bowl_behind_headphones.jpeg
controlled_clevr/plate_behind_flower.jpeg
controlled_clevr/cup_right_of_knife.jpeg
controlled_clevr/cap_in-front_of_remote.jpeg
controlled_clevr/sunglasses_right_of_tape.jpeg
controlled_clevr/remote_behind_tape.jpeg
controlled_clevr/bowl_right_of_cap.jpeg
controlled_clevr/remote_behind_headphones.jpeg
controlled_clevr/remote_behind_fork.jpeg
controlled_clevr/cup_left_of_headphones.jpeg
controlled_clevr/cap_left_of_tape.jpeg
controlled_clevr/mug_right_of_can.jpeg
controlled_clevr/bowl_in-front_of_fork.jpeg
controlled_clevr/can_in-front_of_tape.jpeg
controlled_clevr/book_behind_tape.jpeg
controlled_clevr/plate_left_of_can.jpeg
controlled_clevr/plate_behind_cup.jpeg
controlled_clevr/book_right_of_sunglasses.jpeg
controlled_clevr/plate_left_of_cap.jpeg
controlled_clevr/bowl_left_of_cup.jpeg
controlled_clevr/cap_behind_knife.jpeg
controlled_clevr/cap_left_of_knife.jpeg
controlled_clevr/book_in-front_of_scissors.jpeg
controlled_clevr/mug_left_of_candle.jpeg
controlled_clevr/cup_behind_spoon.jpeg
controlled_clevr/bowl_left_of_scissors.jpeg
controlled_clevr/can_right_of_headphones.jpeg
controlled_clevr/cup_right_of_fork.jpeg
controlled_clevr/book_right_of_knife.jpeg
controlled_clevr/book_left_of_spoon.jpeg
controlled_clevr/remote_left_of_spoon.jpeg
controlled_clevr/can_in-front_of_sunglasses.jpeg
controlled_clevr/mug_behind_can.jpeg
controlled_clevr/cup_behind_sunglasses.jpeg
controlled_clevr/cap_in-front_of_cup.jpeg
controlled_clevr/mug_left_of_spoon.jpeg
controlled_clevr/book_in-front_of_flower.jpeg
controlled_clevr/remote_left_of_fork.jpeg
controlled_clevr/cap_left_of_spoon.jpeg
controlled_clevr/mug_in-front_of_cap.jpeg
controlled_clevr/plate_behind_remote.jpeg
controlled_clevr/book_left_of_cap.jpeg
controlled_clevr/cap_in-front_of_headphones.jpeg
controlled_clevr/plate_in-front_of_knife.jpeg
controlled_clevr/book_behind_headphones.jpeg
controlled_clevr/mug_left_of_phone.jpeg
controlled_clevr/bowl_left_of_book.jpeg
controlled_clevr/cup_left_of_remote.jpeg
controlled_clevr/mug_left_of_tape.jpeg
controlled_clevr/plate_left_of_headphones.jpeg
controlled_clevr/book_behind_scissors.jpeg
controlled_clevr/cap_in-front_of_flower.jpeg
controlled_clevr/cap_behind_tape.jpeg
controlled_clevr/cap_right_of_candle.jpeg
controlled_clevr/mug_in-front_of_flower.jpeg
controlled_clevr/mug_left_of_scissors.jpeg
controlled_clevr/mug_left_of_cap.jpeg
controlled_clevr/remote_in-front_of_tape.jpeg
controlled_clevr/can_right_of_remote.jpeg
controlled_clevr/plate_right_of_cap.jpeg
controlled_clevr/mug_left_of_sunglasses.jpeg
controlled_clevr/bowl_in-front_of_cap.jpeg
controlled_clevr/mug_behind_book.jpeg
controlled_clevr/cap_right_of_headphones.jpeg
controlled_clevr/bowl_left_of_flower.jpeg
controlled_clevr/plate_right_of_fork.jpeg
controlled_clevr/book_behind_fork.jpeg
controlled_clevr/book_left_of_fork.jpeg
controlled_clevr/can_in-front_of_spoon.jpeg
controlled_clevr/can_right_of_scissors.jpeg
controlled_clevr/can_behind_candle.jpeg
controlled_clevr/can_in-front_of_knife.jpeg
controlled_clevr/bowl_behind_book.jpeg
controlled_clevr/bowl_left_of_fork.jpeg
controlled_clevr/cap_right_of_cup.jpeg
controlled_clevr/bowl_in-front_of_sunglasses.jpeg
controlled_clevr/cup_right_of_sunglasses.jpeg
controlled_clevr/plate_right_of_can.jpeg
controlled_clevr/book_in-front_of_spoon.jpeg
controlled_clevr/plate_right_of_remote.jpeg
controlled_clevr/bowl_behind_cup.jpeg
controlled_clevr/bowl_behind_knife.jpeg
controlled_clevr/cup_behind_headphones.jpeg
controlled_clevr/bowl_behind_spoon.jpeg
controlled_clevr/plate_right_of_cup.jpeg
controlled_clevr/cap_in-front_of_fork.jpeg
controlled_clevr/can_behind_headphones.jpeg
controlled_clevr/plate_in-front_of_remote.jpeg
controlled_clevr/mug_behind_tape.jpeg
controlled_clevr/book_behind_spoon.jpeg
controlled_clevr/can_right_of_sunglasses.jpeg
controlled_clevr/plate_right_of_tape.jpeg
controlled_clevr/can_behind_fork.jpeg
controlled_clevr/plate_right_of_sunglasses.jpeg
controlled_clevr/cup_right_of_candle.jpeg
controlled_clevr/plate_right_of_flower.jpeg
controlled_clevr/plate_right_of_scissors.jpeg
controlled_clevr/remote_left_of_sunglasses.jpeg
controlled_clevr/plate_behind_fork.jpeg
controlled_clevr/cap_in-front_of_sunglasses.jpeg
controlled_clevr/cup_behind_tape.jpeg
controlled_clevr/bowl_in-front_of_flower.jpeg
controlled_clevr/cup_behind_remote.jpeg
controlled_clevr/cup_in-front_of_tape.jpeg
controlled_clevr/plate_in-front_of_sunglasses.jpeg
controlled_clevr/cup_in-front_of_flower.jpeg
controlled_clevr/book_right_of_headphones.jpeg
controlled_clevr/cup_left_of_scissors.jpeg
controlled_clevr/remote_behind_scissors.jpeg
controlled_clevr/mug_left_of_book.jpeg
controlled_clevr/cup_behind_candle.jpeg
controlled_clevr/plate_left_of_bowl.jpeg
controlled_clevr/plate_behind_candle.jpeg
controlled_clevr/plate_behind_phone.jpeg
controlled_clevr/sunglasses_left_of_tape.jpeg
controlled_clevr/cup_right_of_flower.jpeg
controlled_clevr/mug_right_of_book.jpeg
controlled_clevr/cup_in-front_of_sunglasses.jpeg
controlled_clevr/plate_behind_headphones.jpeg
controlled_clevr/remote_left_of_flower.jpeg
controlled_clevr/bowl_in-front_of_spoon.jpeg
controlled_clevr/plate_behind_tape.jpeg
controlled_clevr/sunglasses_in-front_of_tape.jpeg
controlled_clevr/mug_in-front_of_remote.jpeg
controlled_clevr/book_right_of_flower.jpeg
controlled_clevr/cup_right_of_can.jpeg
controlled_clevr/cup_right_of_tape.jpeg
controlled_clevr/mug_right_of_headphones.jpeg
controlled_clevr/plate_in-front_of_fork.jpeg
controlled_clevr/can_left_of_sunglasses.jpeg
controlled_clevr/mug_right_of_fork.jpeg
controlled_clevr/bowl_in-front_of_remote.jpeg
controlled_clevr/remote_right_of_candle.jpeg
controlled_clevr/cap_behind_sunglasses.jpeg
controlled_clevr/mug_right_of_scissors.jpeg
controlled_clevr/book_right_of_tape.jpeg
controlled_clevr/can_left_of_remote.jpeg
controlled_clevr/cup_left_of_flower.jpeg
controlled_clevr/mug_in-front_of_phone.jpeg
controlled_clevr/cap_behind_remote.jpeg
controlled_clevr/cup_in-front_of_fork.jpeg
controlled_clevr/cap_right_of_flower.jpeg
controlled_clevr/mug_behind_knife.jpeg
controlled_clevr/cap_behind_headphones.jpeg
controlled_clevr/bowl_left_of_cap.jpeg
controlled_clevr/cap_right_of_can.jpeg
controlled_clevr/bowl_in-front_of_scissors.jpeg
controlled_clevr/cup_behind_can.jpeg
controlled_clevr/mug_in-front_of_spoon.jpeg
controlled_clevr/bowl_right_of_knife.jpeg
controlled_clevr/cap_left_of_cup.jpeg
controlled_clevr/mug_in-front_of_cup.jpeg
controlled_clevr/mug_in-front_of_tape.jpeg
controlled_clevr/cap_left_of_headphones.jpeg
controlled_clevr/remote_right_of_sunglasses.jpeg
controlled_clevr/book_in-front_of_cap.jpeg
controlled_clevr/remote_left_of_tape.jpeg
controlled_clevr/bowl_behind_scissors.jpeg
controlled_clevr/book_right_of_cap.jpeg
controlled_clevr/cup_in-front_of_candle.jpeg
controlled_clevr/can_behind_remote.jpeg
controlled_clevr/plate_left_of_scissors.jpeg
controlled_clevr/bowl_left_of_knife.jpeg
controlled_clevr/remote_in-front_of_scissors.jpeg
controlled_clevr/plate_left_of_candle.jpeg
controlled_clevr/plate_in-front_of_can.jpeg
controlled_clevr/bowl_right_of_spoon.jpeg
controlled_clevr/cup_in-front_of_headphones.jpeg
controlled_clevr/mug_behind_remote.jpeg
controlled_clevr/cap_left_of_remote.jpeg
controlled_clevr/mug_left_of_remote.jpeg
controlled_clevr/can_in-front_of_remote.jpeg
controlled_clevr/mug_in-front_of_sunglasses.jpeg
controlled_clevr/bowl_left_of_tape.jpeg
controlled_clevr/plate_left_of_phone.jpeg
controlled_clevr/plate_in-front_of_tape.jpeg
controlled_clevr/can_in-front_of_flower.jpeg
controlled_clevr/book_left_of_sunglasses.jpeg
controlled_clevr/plate_left_of_flower.jpeg
controlled_clevr/book_left_of_scissors.jpeg
controlled_clevr/mug_in-front_of_can.jpeg
controlled_clevr/book_in-front_of_sunglasses.jpeg
Controlled_Images_A llava1.5
