## SLURM PROLOG ###############################################################
##    Job ID : 1968874
##  Job Name : adaptvis.main
##  Nodelist : gpu2106
##      CPUs : 4
##  Mem/Node : 49152 MB
## Directory : /oscar/scratch/hnaung/AdaptVis
##   Job Started : Wed Apr 29 01:31:01 AM EDT 2026
###############################################################################
Job ID: 1968874
Host: gpu2106.oscar.ccv.brown.edu
CUDA_VISIBLE_DEVICES=0
Python 3.11.15
torch 2.4.1+cu121 cuda? True
Wed Apr 29 01:31:13 2026       
+-----------------------------------------------------------------------------------------+
| NVIDIA-SMI 575.57.08              Driver Version: 575.57.08      CUDA Version: 12.9     |
|-----------------------------------------+------------------------+----------------------+
| GPU  Name                 Persistence-M | Bus-Id          Disp.A | Volatile Uncorr. ECC |
| Fan  Temp   Perf          Pwr:Usage/Cap |           Memory-Usage | GPU-Util  Compute M. |
|                                         |                        |               MIG M. |
|=========================================+========================+======================|
|   0  NVIDIA GeForce RTX 3090        On  |   00000000:61:00.0 Off |                  N/A |
| 32%   33C    P8             40W /  350W |      17MiB /  24576MiB |      0%      Default |
|                                         |                        |                  N/A |
+-----------------------------------------+------------------------+----------------------+
                                                                                         
+-----------------------------------------------------------------------------------------+
| Processes:                                                                              |
|  GPU   GI   CI              PID   Type   Process name                        GPU Memory |
|        ID   ID                                                               Usage      |
|=========================================================================================|
|    0   N/A  N/A          157323      G   /usr/libexec/Xorg                         5MiB |
+-----------------------------------------------------------------------------------------+
COCO_QA_two_obj llava1.5
